[2022-09-1421:34:19] [ ERROR] [GlobalExceptionHandler:19] Failed to convert value of type 'java.lang.String' to required type 'java.lang.Integer'; nested exception is java.lang.NumberFormatException: For input string: "p"
[2022-09-1421:35:38] [ ERROR] [GlobalExceptionHandler:19] No class Turno entity with id 50 exists!
[2022-09-1523:50:40] [ ERROR] [GlobalExceptionHandler:19] JSON parse error: Cannot deserialize value of type `java.lang.Integer` from String "djfkjv873857": not a valid `java.lang.Integer` value; nested exception is com.fasterxml.jackson.databind.exc.InvalidFormatException: Cannot deserialize value of type `java.lang.Integer` from String "djfkjv873857": not a valid `java.lang.Integer` value
 at [Source: (org.springframework.util.StreamUtils$NonClosingInputStream); line: 4, column: 18] (through reference chain: com.clinica.integrador2.dto.OdontologoDTO["matricula"])
[2022-09-1523:51:49] [ ERROR] [GlobalExceptionHandler:19] JSON parse error: Cannot deserialize value of type `java.util.Date` from String "2022-01-02 08:30:00": not a valid representation (error: Failed to parse Date value '2022-01-02 08:30:00': Cannot parse date "2022-01-02 08:30:00": while it seems to fit format 'yyyy-MM-dd'T'HH:mm:ss.SSSX', parsing fails (leniency? null)); nested exception is com.fasterxml.jackson.databind.exc.InvalidFormatException: Cannot deserialize value of type `java.util.Date` from String "2022-01-02 08:30:00": not a valid representation (error: Failed to parse Date value '2022-01-02 08:30:00': Cannot parse date "2022-01-02 08:30:00": while it seems to fit format 'yyyy-MM-dd'T'HH:mm:ss.SSSX', parsing fails (leniency? null))
 at [Source: (org.springframework.util.StreamUtils$NonClosingInputStream); line: 4, column: 13] (through reference chain: com.clinica.integrador2.dto.TurnoDTO["date"])
[2022-09-1523:53:34] [ ERROR] [GlobalExceptionHandler:19] JSON parse error: Cannot deserialize value of type `java.util.Date` from String "'2022-01-02' T '08:30:00'": not a valid representation (error: Failed to parse Date value ''2022-01-02' T '08:30:00'': Cannot parse date "'2022-01-02' T '08:30:00'": not compatible with any of standard forms ("yyyy-MM-dd'T'HH:mm:ss.SSSX", "yyyy-MM-dd'T'HH:mm:ss.SSS", "EEE, dd MMM yyyy HH:mm:ss zzz", "yyyy-MM-dd")); nested exception is com.fasterxml.jackson.databind.exc.InvalidFormatException: Cannot deserialize value of type `java.util.Date` from String "'2022-01-02' T '08:30:00'": not a valid representation (error: Failed to parse Date value ''2022-01-02' T '08:30:00'': Cannot parse date "'2022-01-02' T '08:30:00'": not compatible with any of standard forms ("yyyy-MM-dd'T'HH:mm:ss.SSSX", "yyyy-MM-dd'T'HH:mm:ss.SSS", "EEE, dd MMM yyyy HH:mm:ss zzz", "yyyy-MM-dd"))
 at [Source: (org.springframework.util.StreamUtils$NonClosingInputStream); line: 4, column: 13] (through reference chain: com.clinica.integrador2.dto.TurnoDTO["date"])
[2022-09-1523:54:57] [ ERROR] [GlobalExceptionHandler:19] JSON parse error: Cannot deserialize value of type `java.util.Date` from String "2022-01-02'T'08:30:00.000": not a valid representation (error: Failed to parse Date value '2022-01-02'T'08:30:00.000': Cannot parse date "2022-01-02'T'08:30:00.000": while it seems to fit format 'yyyy-MM-dd'T'HH:mm:ss.SSSX', parsing fails (leniency? null)); nested exception is com.fasterxml.jackson.databind.exc.InvalidFormatException: Cannot deserialize value of type `java.util.Date` from String "2022-01-02'T'08:30:00.000": not a valid representation (error: Failed to parse Date value '2022-01-02'T'08:30:00.000': Cannot parse date "2022-01-02'T'08:30:00.000": while it seems to fit format 'yyyy-MM-dd'T'HH:mm:ss.SSSX', parsing fails (leniency? null))
 at [Source: (org.springframework.util.StreamUtils$NonClosingInputStream); line: 4, column: 13] (through reference chain: com.clinica.integrador2.dto.TurnoDTO["date"])
[2022-09-1523:56:31] [ ERROR] [GlobalExceptionHandler:19] JSON parse error: Cannot deserialize value of type `java.util.Date` from String "'2022-01-02'T'08:30:00.000'": not a valid representation (error: Failed to parse Date value ''2022-01-02'T'08:30:00.000'': Cannot parse date "'2022-01-02'T'08:30:00.000'": not compatible with any of standard forms ("yyyy-MM-dd'T'HH:mm:ss.SSSX", "yyyy-MM-dd'T'HH:mm:ss.SSS", "EEE, dd MMM yyyy HH:mm:ss zzz", "yyyy-MM-dd")); nested exception is com.fasterxml.jackson.databind.exc.InvalidFormatException: Cannot deserialize value of type `java.util.Date` from String "'2022-01-02'T'08:30:00.000'": not a valid representation (error: Failed to parse Date value ''2022-01-02'T'08:30:00.000'': Cannot parse date "'2022-01-02'T'08:30:00.000'": not compatible with any of standard forms ("yyyy-MM-dd'T'HH:mm:ss.SSSX", "yyyy-MM-dd'T'HH:mm:ss.SSS", "EEE, dd MMM yyyy HH:mm:ss zzz", "yyyy-MM-dd"))
 at [Source: (org.springframework.util.StreamUtils$NonClosingInputStream); line: 4, column: 13] (through reference chain: com.clinica.integrador2.dto.TurnoDTO["date"])
[2022-09-1523:58:45] [ ERROR] [GlobalExceptionHandler:19] JSON parse error: Cannot deserialize value of type `java.util.Date` from String "EEE, 01 001 2022 08:30:00 zzz": not a valid representation (error: Failed to parse Date value 'EEE, 01 001 2022 08:30:00 zzz': Cannot parse date "EEE, 01 001 2022 08:30:00 zzz": not compatible with any of standard forms ("yyyy-MM-dd'T'HH:mm:ss.SSSX", "yyyy-MM-dd'T'HH:mm:ss.SSS", "EEE, dd MMM yyyy HH:mm:ss zzz", "yyyy-MM-dd")); nested exception is com.fasterxml.jackson.databind.exc.InvalidFormatException: Cannot deserialize value of type `java.util.Date` from String "EEE, 01 001 2022 08:30:00 zzz": not a valid representation (error: Failed to parse Date value 'EEE, 01 001 2022 08:30:00 zzz': Cannot parse date "EEE, 01 001 2022 08:30:00 zzz": not compatible with any of standard forms ("yyyy-MM-dd'T'HH:mm:ss.SSSX", "yyyy-MM-dd'T'HH:mm:ss.SSS", "EEE, dd MMM yyyy HH:mm:ss zzz", "yyyy-MM-dd"))
 at [Source: (org.springframework.util.StreamUtils$NonClosingInputStream); line: 4, column: 13] (through reference chain: com.clinica.integrador2.dto.TurnoDTO["date"])
[2022-09-1523:59:05] [ ERROR] [GlobalExceptionHandler:19] JSON parse error: Cannot deserialize value of type `java.util.Date` from String "2022-01-02, 08:30:00.000": not a valid representation (error: Failed to parse Date value '2022-01-02, 08:30:00.000': Cannot parse date "2022-01-02, 08:30:00.000": while it seems to fit format 'yyyy-MM-dd'T'HH:mm:ss.SSSX', parsing fails (leniency? null)); nested exception is com.fasterxml.jackson.databind.exc.InvalidFormatException: Cannot deserialize value of type `java.util.Date` from String "2022-01-02, 08:30:00.000": not a valid representation (error: Failed to parse Date value '2022-01-02, 08:30:00.000': Cannot parse date "2022-01-02, 08:30:00.000": while it seems to fit format 'yyyy-MM-dd'T'HH:mm:ss.SSSX', parsing fails (leniency? null))
 at [Source: (org.springframework.util.StreamUtils$NonClosingInputStream); line: 4, column: 13] (through reference chain: com.clinica.integrador2.dto.TurnoDTO["date"])
[2022-09-1523:59:32] [ ERROR] [GlobalExceptionHandler:19] JSON parse error: Cannot deserialize value of type `java.util.Date` from String "'2022-01-02','08:30:00.000'": not a valid representation (error: Failed to parse Date value ''2022-01-02','08:30:00.000'': Cannot parse date "'2022-01-02','08:30:00.000'": not compatible with any of standard forms ("yyyy-MM-dd'T'HH:mm:ss.SSSX", "yyyy-MM-dd'T'HH:mm:ss.SSS", "EEE, dd MMM yyyy HH:mm:ss zzz", "yyyy-MM-dd")); nested exception is com.fasterxml.jackson.databind.exc.InvalidFormatException: Cannot deserialize value of type `java.util.Date` from String "'2022-01-02','08:30:00.000'": not a valid representation (error: Failed to parse Date value ''2022-01-02','08:30:00.000'': Cannot parse date "'2022-01-02','08:30:00.000'": not compatible with any of standard forms ("yyyy-MM-dd'T'HH:mm:ss.SSSX", "yyyy-MM-dd'T'HH:mm:ss.SSS", "EEE, dd MMM yyyy HH:mm:ss zzz", "yyyy-MM-dd"))
 at [Source: (org.springframework.util.StreamUtils$NonClosingInputStream); line: 4, column: 13] (through reference chain: com.clinica.integrador2.dto.TurnoDTO["date"])
[2022-09-1600:01:41] [ ERROR] [GlobalExceptionHandler:19] JSON parse error: Cannot deserialize value of type `java.util.Date` from String "2022-01-02 T 08:30:00.000+00:00": not a valid representation (error: Failed to parse Date value '2022-01-02 T 08:30:00.000+00:00': Cannot parse date "2022-01-02 T 08:30:00.000+00:00": while it seems to fit format 'yyyy-MM-dd'T'HH:mm:ss.SSSX', parsing fails (leniency? null)); nested exception is com.fasterxml.jackson.databind.exc.InvalidFormatException: Cannot deserialize value of type `java.util.Date` from String "2022-01-02 T 08:30:00.000+00:00": not a valid representation (error: Failed to parse Date value '2022-01-02 T 08:30:00.000+00:00': Cannot parse date "2022-01-02 T 08:30:00.000+00:00": while it seems to fit format 'yyyy-MM-dd'T'HH:mm:ss.SSSX', parsing fails (leniency? null))
 at [Source: (org.springframework.util.StreamUtils$NonClosingInputStream); line: 22, column: 17] (through reference chain: com.clinica.integrador2.dto.TurnoDTO["date"])
[2022-09-1620:51:20] [ ERROR] [GlobalExceptionHandler:19] No class Turno entity with id 50 exists!
[2022-09-1820:03:25] [ ERROR] [GlobalExceptionHandler:19] org.hibernate.TransientPropertyValueException: object references an unsaved transient instance - save the transient instance before flushing : com.clinica.integrador2.entity.Paciente.domicilio -> com.clinica.integrador2.entity.Domicilio; nested exception is java.lang.IllegalStateException: org.hibernate.TransientPropertyValueException: object references an unsaved transient instance - save the transient instance before flushing : com.clinica.integrador2.entity.Paciente.domicilio -> com.clinica.integrador2.entity.Domicilio
[2022-09-1820:53:01] [ ERROR] [GlobalExceptionHandler:19] org.hibernate.TransientPropertyValueException: object references an unsaved transient instance - save the transient instance before flushing : com.clinica.integrador2.entity.Paciente.domicilio -> com.clinica.integrador2.entity.Domicilio; nested exception is java.lang.IllegalStateException: org.hibernate.TransientPropertyValueException: object references an unsaved transient instance - save the transient instance before flushing : com.clinica.integrador2.entity.Paciente.domicilio -> com.clinica.integrador2.entity.Domicilio
[2022-09-1820:59:43] [ ERROR] [GlobalExceptionHandler:19] org.hibernate.TransientPropertyValueException: object references an unsaved transient instance - save the transient instance before flushing : com.clinica.integrador2.entity.Paciente.domicilio -> com.clinica.integrador2.entity.Domicilio; nested exception is java.lang.IllegalStateException: org.hibernate.TransientPropertyValueException: object references an unsaved transient instance - save the transient instance before flushing : com.clinica.integrador2.entity.Paciente.domicilio -> com.clinica.integrador2.entity.Domicilio
[2022-09-1821:07:02] [ ERROR] [GlobalExceptionHandler:19] org.hibernate.TransientPropertyValueException: object references an unsaved transient instance - save the transient instance before flushing : com.clinica.integrador2.entity.Paciente.domicilio -> com.clinica.integrador2.entity.Domicilio; nested exception is java.lang.IllegalStateException: org.hibernate.TransientPropertyValueException: object references an unsaved transient instance - save the transient instance before flushing : com.clinica.integrador2.entity.Paciente.domicilio -> com.clinica.integrador2.entity.Domicilio
[2022-09-1921:46:37] [ ERROR] [GlobalExceptionHandler:19] org.hibernate.TransientPropertyValueException: object references an unsaved transient instance - save the transient instance before flushing : com.clinica.integrador2.entity.Paciente.domicilio -> com.clinica.integrador2.entity.Domicilio; nested exception is java.lang.IllegalStateException: org.hibernate.TransientPropertyValueException: object references an unsaved transient instance - save the transient instance before flushing : com.clinica.integrador2.entity.Paciente.domicilio -> com.clinica.integrador2.entity.Domicilio
[2022-09-1921:57:21] [ ERROR] [GlobalExceptionHandler:19] org.hibernate.TransientPropertyValueException: object references an unsaved transient instance - save the transient instance before flushing : com.clinica.integrador2.entity.Paciente.domicilio -> com.clinica.integrador2.entity.Domicilio; nested exception is java.lang.IllegalStateException: org.hibernate.TransientPropertyValueException: object references an unsaved transient instance - save the transient instance before flushing : com.clinica.integrador2.entity.Paciente.domicilio -> com.clinica.integrador2.entity.Domicilio
[2022-09-2215:43:34] [ ERROR] [GlobalExceptionHandler:19] no existe un paciente con el id 2
[2022-09-2216:21:15] [ ERROR] [GlobalExceptionHandler:19] no existe un paciente con el id 2
[2022-09-2219:58:44] [ ERROR] [GlobalExceptionHandler:27] no existe un paciente con el id 2
[2022-09-2219:59:15] [ ERROR] [GlobalExceptionHandler:27] no existe un paciente con el id 1
[2022-09-2220:29:33] [ ERROR] [GlobalExceptionHandler:17] no existe un paciente con el id 1
[2022-09-2221:53:39] [ ERROR] [GlobalExceptionHandler:17] no existen pacientes para buscar
[2022-09-2221:54:34] [ ERROR] [GlobalExceptionHandler:17] no existe un paciente con el id 1
[2022-09-2221:54:48] [ ERROR] [GlobalExceptionHandler:17] no existe un paciente con el id 2
[2022-09-2221:56:06] [ ERROR] [GlobalExceptionHandler:17] no existe un paciente con el id 2
[2022-09-2221:57:44] [ ERROR] [GlobalExceptionHandler:18] no existe un paciente con el id 2
[2022-09-2221:57:53] [ ERROR] [GlobalExceptionHandler:18] no existen pacientes para buscar
[2022-09-2221:58:00] [ ERROR] [GlobalExceptionHandler:18] no existe un paciente con el id 1
[2022-09-2221:58:08] [ ERROR] [GlobalExceptionHandler:18] no existe un paciente con el id 1
[2022-09-2313:21:39] [ ERROR] [GlobalExceptionHandler:23] Debe ingresar un domicilio
[2022-09-2313:22:14] [ ERROR] [GlobalExceptionHandler:23] Debe ingresar un domicilio
[2022-09-2313:31:46] [ ERROR] [GlobalExceptionHandler:23] JSON parse error: Unexpected character ('}' (code 125)): was expecting double-quote to start field name; nested exception is com.fasterxml.jackson.core.JsonParseException: Unexpected character ('}' (code 125)): was expecting double-quote to start field name
 at [Source: (org.springframework.util.StreamUtils$NonClosingInputStream); line: 3, column: 2]
[2022-09-2313:31:54] [ ERROR] [GlobalExceptionHandler:23] Debe ingresar un domicilio
[2022-09-2313:35:25] [ ERROR] [GlobalExceptionHandler:23] Debe ingresar un domicilio
[2022-09-2313:36:15] [ ERROR] [GlobalExceptionHandler:23] Debe ingresar los datos del paciente
[2022-09-2313:36:49] [ ERROR] [GlobalExceptionHandler:23] Debe ingresar los datos del paciente
[2022-09-2313:37:54] [ ERROR] [GlobalExceptionHandler:18] no existe un paciente con el id 2
[2022-09-2313:38:08] [ ERROR] [GlobalExceptionHandler:18] no existe un paciente con el id 3
[2022-09-2314:48:27] [ ERROR] [GlobalExceptionHandler:23] no existe un paciente con el id 2
[2022-09-2314:57:25] [ ERROR] [GlobalExceptionHandler:24] no existe un paciente con el id 2
[2022-09-2314:57:34] [ ERROR] [GlobalExceptionHandler:24] no existe un paciente con el id 2
[2022-09-2314:58:18] [ ERROR] [GlobalExceptionHandler:18] Debe ingresar un domicilio
[2022-09-2314:58:32] [ ERROR] [GlobalExceptionHandler:18] Debe ingresar datos del paciente
[2022-09-2322:19:39] [ ERROR] [GlobalExceptionHandler:23] no existe un odontologo con el id 3
[2022-09-2322:19:49] [ ERROR] [GlobalExceptionHandler:23] no existe un odontologo con el id 4
[2022-09-2322:20:26] [ ERROR] [GlobalExceptionHandler:17] Debe ingresar datos del odontologo
[2022-09-2400:04:23] [ ERROR] [GlobalExceptionHandler:27] no existe un paciente con el id 3
[2022-09-2400:04:36] [ ERROR] [GlobalExceptionHandler:22] Debe ingresar todos los datos del odontologo
[2022-09-2400:04:42] [ ERROR] [GlobalExceptionHandler:27] no existe un odontologo con el id 3
[2022-09-2400:05:00] [ ERROR] [GlobalExceptionHandler:27] no existe un turno con el id 50
[2022-09-2400:05:11] [ ERROR] [GlobalExceptionHandler:32] JSON parse error: Cannot deserialize value of type `java.time.LocalDate` from String "2022-01-02T08:30:00.000+00:00": Failed to deserialize java.time.LocalDate: (java.time.format.DateTimeParseException) Text '2022-01-02T08:30:00.000+00:00' could not be parsed, unparsed text found at index 23; nested exception is com.fasterxml.jackson.databind.exc.InvalidFormatException: Cannot deserialize value of type `java.time.LocalDate` from String "2022-01-02T08:30:00.000+00:00": Failed to deserialize java.time.LocalDate: (java.time.format.DateTimeParseException) Text '2022-01-02T08:30:00.000+00:00' could not be parsed, unparsed text found at index 23
 at [Source: (org.springframework.util.StreamUtils$NonClosingInputStream); line: 22, column: 17] (through reference chain: com.clinica.integrador2.dto.TurnoDTO["date"])
[2022-09-2400:05:36] [ ERROR] [GlobalExceptionHandler:27] no existe un turno con el id 4
[2022-09-2400:06:00] [ ERROR] [GlobalExceptionHandler:17] Debe ingresar una fecha válida
[2022-09-2400:06:14] [ ERROR] [GlobalExceptionHandler:22] Debe ingresar todos los datos del turno: id del paciente; id del odontologo; y/o fecha
[2022-09-2400:06:41] [ ERROR] [GlobalExceptionHandler:32] JSON parse error: Cannot deserialize value of type `java.time.LocalDate` from String "2022-9-24": Failed to deserialize java.time.LocalDate: (java.time.format.DateTimeParseException) Text '2022-9-24' could not be parsed at index 5; nested exception is com.fasterxml.jackson.databind.exc.InvalidFormatException: Cannot deserialize value of type `java.time.LocalDate` from String "2022-9-24": Failed to deserialize java.time.LocalDate: (java.time.format.DateTimeParseException) Text '2022-9-24' could not be parsed at index 5
 at [Source: (org.springframework.util.StreamUtils$NonClosingInputStream); line: 4, column: 13] (through reference chain: com.clinica.integrador2.dto.TurnoDTO["date"])
[2022-09-2400:06:51] [ ERROR] [GlobalExceptionHandler:32] could not execute statement; SQL [n/a]; constraint [FKQTJ6T7MULC2JMFKV92X4CTKWH]; nested exception is org.hibernate.exception.ConstraintViolationException: could not execute statement
[2022-09-2400:07:14] [ ERROR] [GlobalExceptionHandler:32] could not execute statement; SQL [n/a]; constraint [FKQTJ6T7MULC2JMFKV92X4CTKWH]; nested exception is org.hibernate.exception.ConstraintViolationException: could not execute statement
[2022-09-2400:07:39] [ ERROR] [GlobalExceptionHandler:22] Debe ingresar todos los  datos del paciente
[2022-09-2400:08:28] [ ERROR] [GlobalExceptionHandler:32] could not execute statement; SQL [n/a]; constraint [FKQTJ6T7MULC2JMFKV92X4CTKWH]; nested exception is org.hibernate.exception.ConstraintViolationException: could not execute statement
[2022-09-2400:09:34] [ ERROR] [GlobalExceptionHandler:32] could not execute statement; SQL [n/a]; constraint [FKQTJ6T7MULC2JMFKV92X4CTKWH]; nested exception is org.hibernate.exception.ConstraintViolationException: could not execute statement
[2022-09-2400:13:35] [ ERROR] [GlobalExceptionHandler:32] could not execute statement; SQL [n/a]; constraint [FKQTJ6T7MULC2JMFKV92X4CTKWH]; nested exception is org.hibernate.exception.ConstraintViolationException: could not execute statement
[2022-09-2400:37:03] [ ERROR] [GlobalExceptionHandler:22] Debe ingresar todos los datos del turno: id del paciente; id del odontologo; y/o fecha
[2022-09-2417:31:31] [ ERROR] [GlobalExceptionHandler:32] could not execute statement; SQL [n/a]; constraint [FKQTJ6T7MULC2JMFKV92X4CTKWH]; nested exception is org.hibernate.exception.ConstraintViolationException: could not execute statement
[2022-09-2417:33:16] [ ERROR] [GlobalExceptionHandler:32] could not execute statement; SQL [n/a]; constraint [FKQTJ6T7MULC2JMFKV92X4CTKWH]; nested exception is org.hibernate.exception.ConstraintViolationException: could not execute statement
[2022-09-2417:34:07] [ ERROR] [GlobalExceptionHandler:32] org.hibernate.TransientPropertyValueException: Not-null property references a transient value - transient instance must be saved before current operation : com.clinica.integrador2.entity.Turno.odontologo -> com.clinica.integrador2.entity.Odontologo; nested exception is java.lang.IllegalStateException: org.hibernate.TransientPropertyValueException: Not-null property references a transient value - transient instance must be saved before current operation : com.clinica.integrador2.entity.Turno.odontologo -> com.clinica.integrador2.entity.Odontologo
[2022-09-2417:35:04] [ ERROR] [GlobalExceptionHandler:22] Debe ingresar una fecha.
[2022-09-2417:57:08] [ ERROR] [GlobalExceptionHandler:22] El id ingresado de paciente y/o de odontologo no existe en la base de datos o no ue ingresado.
[2022-09-2417:58:00] [ ERROR] [GlobalExceptionHandler:22] El id ingresado de paciente y/o de odontologo no existe en la base de datos o no ue ingresado.
[2022-09-2417:58:25] [ ERROR] [GlobalExceptionHandler:22] El id ingresado de paciente y/o de odontologo no existe en la base de datos o no ue ingresado.
[2022-09-2418:00:30] [ ERROR] [GlobalExceptionHandler:22] El id ingresado de paciente y/o de odontologo no existe en la base de datos o no fue ingresado od alguno.
[2022-09-2418:00:52] [ ERROR] [GlobalExceptionHandler:22] El id ingresado de paciente y/o de odontologo no existe en la base de datos o no fue ingresado od alguno.
[2022-09-2418:06:05] [ ERROR] [GlobalExceptionHandler:32] could not execute statement; SQL [n/a]; constraint [FKQTJ6T7MULC2JMFKV92X4CTKWH]; nested exception is org.hibernate.exception.ConstraintViolationException: could not execute statement
[2022-09-2418:06:25] [ ERROR] [GlobalExceptionHandler:32] could not execute statement; SQL [n/a]; constraint [FKQTJ6T7MULC2JMFKV92X4CTKWH]; nested exception is org.hibernate.exception.ConstraintViolationException: could not execute statement
[2022-09-2418:12:08] [ ERROR] [GlobalExceptionHandler:32] could not execute statement; SQL [n/a]; constraint [FKQTJ6T7MULC2JMFKV92X4CTKWH]; nested exception is org.hibernate.exception.ConstraintViolationException: could not execute statement
[2022-09-2418:12:20] [ ERROR] [GlobalExceptionHandler:32] could not execute statement; SQL [n/a]; constraint [FKQTJ6T7MULC2JMFKV92X4CTKWH]; nested exception is org.hibernate.exception.ConstraintViolationException: could not execute statement
[2022-09-2418:12:43] [ ERROR] [GlobalExceptionHandler:22] Debe ingresar un paciente
[2022-09-2418:13:13] [ ERROR] [GlobalExceptionHandler:22] Debe ingresar un odontologo
[2022-09-2418:13:29] [ ERROR] [GlobalExceptionHandler:17] Debe ingresar una fecha válida
[2022-09-2418:21:33] [ ERROR] [GlobalExceptionHandler:22] Debe ingresar un paciente
[2022-09-2418:22:04] [ ERROR] [GlobalExceptionHandler:22] Debe ingresar un odontologo
[2022-09-2418:22:14] [ ERROR] [GlobalExceptionHandler:32] could not execute statement; SQL [n/a]; constraint [FKQTJ6T7MULC2JMFKV92X4CTKWH]; nested exception is org.hibernate.exception.ConstraintViolationException: could not execute statement
